2024-01-16 00:44:05,036 [      0]   INFO -        #com.intellij.idea.Main - ------------------------------------------------------ IDE STARTED ------------------------------------------------------ 
2024-01-16 00:44:05,156 [    120]   INFO -        #com.intellij.idea.Main - IDE: PyCharm (build #PC-182.5262.4, 10 Apr 2019 11:05) 
2024-01-16 00:44:05,156 [    120]   INFO -        #com.intellij.idea.Main - OS: Windows 7 (6.1, amd64) 
2024-01-16 00:44:05,156 [    120]   INFO -        #com.intellij.idea.Main - JRE: 1.8.0_152-release-1248-b22 (JetBrains s.r.o) 
2024-01-16 00:44:05,157 [    121]   INFO -        #com.intellij.idea.Main - JVM: 25.152-b22 (OpenJDK 64-Bit Server VM) 
2024-01-16 00:44:05,197 [    161]   INFO -        #com.intellij.idea.Main - JVM Args: -Xms128m -Xmx750m -XX:ReservedCodeCacheSize=240m -XX:+UseConcMarkSweepGC -XX:SoftRefLRUPolicyMSPerMB=50 -ea -Dsun.io.useCanonCaches=false -Djava.net.preferIPv4Stack=true -Djdk.http.auth.tunneling.disabledSchemes="" -XX:+HeapDumpOnOutOfMemoryError -XX:-OmitStackTraceInFastThrow -Djb.vmOptionsFile=C:\Program Files\JetBrains\PyCharm Community Edition 2018.2.8\bin\pycharm64.exe.vmoptions -Didea.platform.prefix=PyCharmCore -Dide.native.launcher=true -Didea.paths.selector=PyCharmCE2018.2 -XX:ErrorFile=C:\Users\Lohana\java_error_in_pycharm_%p.log -XX:HeapDumpPath=C:\Users\Lohana\java_error_in_pycharm.hprof 
2024-01-16 00:44:05,197 [    161]   INFO -        #com.intellij.idea.Main - ext: C:\Program Files\JetBrains\PyCharm Community Edition 2018.2.8\jre64\lib\ext: [access-bridge-64.jar, cldrdata.jar, dnsns.jar, jaccess.jar, jfxrt.jar, localedata.jar, meta-index, nashorn.jar, sunec.jar, sunjce_provider.jar, sunmscapi.jar, sunpkcs11.jar, zipfs.jar] 
2024-01-16 00:44:05,198 [    162]   INFO -        #com.intellij.idea.Main - charsets: JNU=Cp1252 file=Cp1252 
2024-01-16 00:44:05,347 [    311]   INFO -        #com.intellij.idea.Main - JNA library (64-bit) loaded in 149 ms 
2024-01-16 00:44:05,387 [    351]   INFO - penapi.util.io.win32.IdeaWin32 - Native filesystem for Windows is operational 
2024-01-16 00:44:07,057 [   2021]   INFO -     #com.intellij.util.ui.JBUI - System scale factor: 1.0 (IDE-managed HiDPI) 
2024-01-16 00:44:07,090 [   2054]   INFO -     #com.intellij.util.ui.JBUI - User scale factor: 1.0 
2024-01-16 00:44:34,327 [  29291]   INFO - m.intellij.ui.mac.touchbar.NST - OS doesn't support touchbar, skip nst loading 
2024-01-16 00:44:41,703 [  36667]   INFO -        #com.intellij.idea.Main - ------------------------------------------------------ IDE SHUTDOWN ------------------------------------------------------ 
2024-01-16 00:44:41,722 [  36686]   INFO - org.jetbrains.io.BuiltInServer - web server stopped 
2024-01-16 00:44:57,542 [      1]   INFO -        #com.intellij.idea.Main - ------------------------------------------------------ IDE STARTED ------------------------------------------------------ 
2024-01-16 00:44:57,642 [    101]   INFO -        #com.intellij.idea.Main - IDE: PyCharm (build #PC-182.5262.4, 10 Apr 2019 11:57) 
2024-01-16 00:44:57,642 [    101]   INFO -        #com.intellij.idea.Main - OS: Windows 7 (6.1, amd64) 
2024-01-16 00:44:57,642 [    101]   INFO -        #com.intellij.idea.Main - JRE: 1.8.0_152-release-1248-b22 (JetBrains s.r.o) 
2024-01-16 00:44:57,642 [    101]   INFO -        #com.intellij.idea.Main - JVM: 25.152-b22 (OpenJDK 64-Bit Server VM) 
2024-01-16 00:44:57,646 [    105]   INFO -        #com.intellij.idea.Main - JVM Args: -Xms128m -Xmx750m -XX:ReservedCodeCacheSize=240m -XX:+UseConcMarkSweepGC -XX:SoftRefLRUPolicyMSPerMB=50 -ea -Dsun.io.useCanonCaches=false -Djava.net.preferIPv4Stack=true -Djdk.http.auth.tunneling.disabledSchemes="" -XX:+HeapDumpOnOutOfMemoryError -XX:-OmitStackTraceInFastThrow -Djb.vmOptionsFile=C:\Program Files\JetBrains\PyCharm Community Edition 2018.2.8\bin\pycharm64.exe.vmoptions -Didea.platform.prefix=PyCharmCore -Dide.native.launcher=true -Didea.paths.selector=PyCharmCE2018.2 -XX:ErrorFile=C:\Users\Lohana\java_error_in_pycharm_%p.log -XX:HeapDumpPath=C:\Users\Lohana\java_error_in_pycharm.hprof 
2024-01-16 00:44:57,646 [    105]   INFO -        #com.intellij.idea.Main - ext: C:\Program Files\JetBrains\PyCharm Community Edition 2018.2.8\jre64\lib\ext: [access-bridge-64.jar, cldrdata.jar, dnsns.jar, jaccess.jar, jfxrt.jar, localedata.jar, meta-index, nashorn.jar, sunec.jar, sunjce_provider.jar, sunmscapi.jar, sunpkcs11.jar, zipfs.jar] 
2024-01-16 00:44:57,647 [    106]   INFO -        #com.intellij.idea.Main - charsets: JNU=Cp1252 file=Cp1252 
2024-01-16 00:44:57,698 [    157]   INFO -        #com.intellij.idea.Main - JNA library (64-bit) loaded in 51 ms 
2024-01-16 00:44:57,703 [    162]   INFO - penapi.util.io.win32.IdeaWin32 - Native filesystem for Windows is operational 
2024-01-16 00:44:57,980 [    439]   INFO -     #com.intellij.util.ui.JBUI - System scale factor: 1.0 (IDE-managed HiDPI) 
2024-01-16 00:44:58,006 [    465]   INFO -     #com.intellij.util.ui.JBUI - User scale factor: 1.0 
2024-01-16 00:44:59,422 [   1881]   INFO - m.intellij.ui.mac.touchbar.NST - OS doesn't support touchbar, skip nst loading 
2024-01-16 00:45:11,125 [  13584]   INFO - .intellij.idea.IdeaApplication - CPU cores: 2; ForkJoinPool.commonPool: java.util.concurrent.ForkJoinPool@4e4132de[Running, parallelism = 2, size = 0, active = 0, running = 0, steals = 0, tasks = 0, submissions = 0]; factory: com.intellij.concurrency.IdeaForkJoinWorkerThreadFactory@79914e69 
2024-01-16 00:45:14,577 [  17036]   INFO - llij.ide.plugins.PluginManager - 19 plugins initialized in 2428 ms 
2024-01-16 00:45:14,577 [  17036]   INFO - llij.ide.plugins.PluginManager - Loaded bundled plugins: CVS Integration (11), EditorConfig (182.5262.4), Git Integration (8.1), GitHub (182.5262.4), IDEA CORE (182.5262.4), IPython Notebook (0.1), IntelliLang (8.0), Markdown support (182.5262.4), Mercurial Integration (10.0), Properties Support (182.5262.4), Python IntelliLang (VERSION), Python ReStructureText Integration (1.0), Python Terminal (VERSION), ReStructuredText Support (182.5262.4), Settings Repository (182.5262.4), Subversion Integration (1.1), Task Management (1.0), Terminal (0.1), YAML (182.5262.4) 
2024-01-16 00:45:18,388 [  20847]   INFO - ellij.vfs.persistent.FSRecords - Marking VFS as corrupted: 'C:\Users\Lohana\.PyCharmCE2018.2\system\caches\names.dat' does not exist 
2024-01-16 00:45:18,401 [  20860]   INFO - ellij.util.io.PagedFileStorage - lower=100; upper=500; buffer=10; max=713 
2024-01-16 00:45:18,591 [  21050]   INFO - pl.local.NativeFileWatcherImpl - Starting file watcher: C:\Program Files\JetBrains\PyCharm Community Edition 2018.2.8\bin\fsnotifier64.exe 
2024-01-16 00:45:18,728 [  21187]   INFO - pl.local.NativeFileWatcherImpl - Native file watcher is operational. 
2024-01-16 00:45:19,643 [  22102]   INFO - tellij.openapi.util.IconLoader - replace '/nodes/newFolder.png' with 'AllIcons.Nodes.Folder' 
2024-01-16 00:45:22,747 [  25206]   INFO - .history.utils.LocalHistoryLog - local history version mismatch (was: 0, expected: 6), rebuilding... 
2024-01-16 00:45:22,748 [  25207]   INFO - .history.utils.LocalHistoryLog - FS has been rebuild, rebuilding local history... 
2024-01-16 00:45:24,433 [  26892]   INFO - til.net.ssl.CertificateManager - Default SSL context initialized 
2024-01-16 00:45:25,376 [  27835]   INFO - rains.ide.BuiltInServerManager - built-in server started, port 63342 
2024-01-16 00:45:25,777 [  28236]   INFO - gs.impl.UpdateCheckerComponent - channel: release 
2024-01-16 00:45:25,816 [  28275]   INFO - j.ide.ui.OptionsTopHitProvider - 2332 ms spent to cache options in application 
2024-01-16 00:45:25,817 [  28276]   INFO - .openapi.application.Preloader - com.intellij.ide.ui.OptionsTopHitProvider$Activity took 2332 ms 
2024-01-16 00:45:27,611 [  30070]   INFO - il.indexing.FileBasedIndexImpl - Index exts enumerated:1130, number of extensions:20 
2024-01-16 00:45:27,652 [  30111]   INFO - il.indexing.FileBasedIndexImpl - Index scheduled:40 
2024-01-16 00:45:28,072 [  30531]   INFO - tellij.psi.stubs.StubIndexImpl - All stub exts enumerated:387, number of extensions:11 
2024-01-16 00:45:28,086 [  30545]   INFO - tellij.psi.stubs.StubIndexImpl - stub exts update scheduled:13 
2024-01-16 00:45:31,127 [  33586]   INFO -            PyTestLegacyInterop - Disabling com.jetbrains.python.testing.unittestLegacy.PythonUnitTestConfigurationProducer@7b77d855 
2024-01-16 00:45:31,128 [  33587]   INFO -            PyTestLegacyInterop - Disabling com.jetbrains.python.testing.pytestLegacy.PyTestConfigurationProducer@15695bc4 
2024-01-16 00:45:31,128 [  33587]   INFO -            PyTestLegacyInterop - Disabling com.jetbrains.python.testing.nosetestLegacy.PythonNoseTestConfigurationProducer@185b0cd4 
2024-01-16 00:45:32,859 [  35318]   INFO - pi.util.registry.RegistryValue - Registry value 'ide.ssh.one.time.password' has changed to 'true" 
2024-01-16 00:45:32,863 [  35322]   INFO - plication.impl.ApplicationImpl - 76 application components initialized in 20731ms 
2024-01-16 00:45:32,990 [  35449]   INFO - .intellij.idea.IdeaApplication - App initialization took 37063 ms 
2024-01-16 00:45:37,162 [  39621]   INFO - ndex.PrebuiltIndexProviderBase - Using prebuilt id-index from C:\Users\Lohana\.PyCharmCE2018.2\system\index\.persistent\prebuilt\Python\id-index.input 
2024-01-16 00:45:39,900 [  42359]   INFO - ij.psi.stubs.StubUpdatingIndex - Following new file types will be indexed:PythonStub,HTML,XML,Properties,Markdown,Python 
2024-01-16 00:45:43,097 [  45556]   INFO - pl$FileIndexDataInitialization - Initialization done:15445 
2024-01-16 00:45:43,418 [  45877]   INFO - exImpl$StubIndexInitialization - Initialization done:320 
2024-01-16 00:45:44,862 [  47321]   INFO - com.intellij.ide.ui.UISettings - Loaded: fontSize=12, fontScale=1.0; restored: fontSize=12, fontScale=1.0 
2024-01-16 00:45:46,810 [  49269]   INFO - j.ide.ui.OptionsTopHitProvider - 2675 ms spent on EDT to cache options in application 
2024-01-16 00:45:56,032 [  58491]   INFO - .openapi.application.Preloader - com.intellij.openapi.actionSystem.impl.ActionPreloader took 30213 ms 
2024-01-16 00:45:56,730 [  59189]   INFO - .openapi.application.Preloader - com.intellij.ide.ui.search.SearchableOptionPreloader took 696 ms 
2024-01-16 00:45:57,883 [  60342]   INFO - .openapi.application.Preloader - com.intellij.codeInsight.completion.CompletionPreloader took 1153 ms 
2024-01-16 00:45:57,906 [  60365]   INFO - .openapi.application.Preloader - com.intellij.ide.actions.GotoClassPresentationUpdater took 22 ms 
2024-01-16 00:49:47,477 [ 289936]   INFO - ellij.project.impl.ProjectImpl - 15 project components initialized in 1436 ms 
2024-01-16 00:49:48,599 [ 291058]   WARN - til.ui.update.LazyUiDisposable - use application as a parent disposable 
2024-01-16 00:49:54,337 [ 296796]   WARN - til.ui.update.LazyUiDisposable - use application as a parent disposable 
2024-01-16 00:50:12,174 [ 314633]   INFO - stubs.SerializationManagerImpl - START StubSerializationManager SHUTDOWN 
2024-01-16 00:50:12,179 [ 314638]   INFO - stubs.SerializationManagerImpl - END StubSerializationManager SHUTDOWN 
2024-01-16 00:50:12,179 [ 314638]   INFO - il.indexing.FileBasedIndexImpl - START INDEX SHUTDOWN 
2024-01-16 00:50:12,212 [ 314671]   INFO - il.indexing.FileBasedIndexImpl - END INDEX SHUTDOWN 
2024-01-16 00:50:12,217 [ 314676]   INFO - org.jetbrains.io.BuiltInServer - web server stopped 
2024-01-16 00:50:12,234 [ 314693]   INFO - Types.impl.FileTypeManagerImpl - FileTypeManager: 1 auto-detected files
Elapsed time on auto-detect: 63 ms 
2024-01-16 00:50:12,269 [ 314728]   INFO - pl.local.NativeFileWatcherImpl - Watcher terminated with exit code 0 
2024-01-16 00:50:12,272 [ 314731]   INFO - newvfs.persistent.PersistentFS - VFS dispose started 
2024-01-16 00:50:12,275 [ 314734]   INFO - newvfs.persistent.PersistentFS - VFS dispose completed 
2024-01-16 00:50:12,287 [ 314746]   INFO -        #com.intellij.idea.Main - ------------------------------------------------------ IDE SHUTDOWN ------------------------------------------------------ 
2024-01-16 00:50:12,289 [ 314748]   INFO - org.jetbrains.io.BuiltInServer - web server stopped 
2024-03-26 17:23:55,154 [      0]   INFO -        #com.intellij.idea.Main - ------------------------------------------------------ IDE STARTED ------------------------------------------------------ 
2024-03-26 17:23:55,356 [    202]   INFO -        #com.intellij.idea.Main - IDE: PyCharm (build #PC-182.5262.4, 10 Apr 2019 11:55) 
2024-03-26 17:23:55,356 [    202]   INFO -        #com.intellij.idea.Main - OS: Windows 7 (6.1, amd64) 
2024-03-26 17:23:55,356 [    202]   INFO -        #com.intellij.idea.Main - JRE: 1.8.0_152-release-1248-b22 (JetBrains s.r.o) 
2024-03-26 17:23:55,356 [    202]   INFO -        #com.intellij.idea.Main - JVM: 25.152-b22 (OpenJDK 64-Bit Server VM) 
2024-03-26 17:23:55,419 [    265]   INFO -        #com.intellij.idea.Main - JVM Args: -Xms128m -Xmx750m -XX:ReservedCodeCacheSize=240m -XX:+UseConcMarkSweepGC -XX:SoftRefLRUPolicyMSPerMB=50 -ea -Dsun.io.useCanonCaches=false -Djava.net.preferIPv4Stack=true -Djdk.http.auth.tunneling.disabledSchemes="" -XX:+HeapDumpOnOutOfMemoryError -XX:-OmitStackTraceInFastThrow -Djb.vmOptionsFile=C:\Program Files\JetBrains\PyCharm Community Edition 2018.2.8\bin\pycharm64.exe.vmoptions -Didea.platform.prefix=PyCharmCore -Dide.native.launcher=true -Didea.paths.selector=PyCharmCE2018.2 -XX:ErrorFile=C:\Users\Lohana\java_error_in_pycharm_%p.log -XX:HeapDumpPath=C:\Users\Lohana\java_error_in_pycharm.hprof 
2024-03-26 17:23:55,419 [    265]   INFO -        #com.intellij.idea.Main - ext: C:\Program Files\JetBrains\PyCharm Community Edition 2018.2.8\jre64\lib\ext: [access-bridge-64.jar, cldrdata.jar, dnsns.jar, jaccess.jar, jfxrt.jar, localedata.jar, meta-index, nashorn.jar, sunec.jar, sunjce_provider.jar, sunmscapi.jar, sunpkcs11.jar, zipfs.jar] 
2024-03-26 17:23:55,419 [    265]   INFO -        #com.intellij.idea.Main - charsets: JNU=Cp1252 file=Cp1252 
2024-03-26 17:23:55,622 [    468]   INFO -        #com.intellij.idea.Main - JNA library (64-bit) loaded in 203 ms 
2024-03-26 17:23:55,668 [    514]   INFO - penapi.util.io.win32.IdeaWin32 - Native filesystem for Windows is operational 
2024-03-26 17:23:57,251 [   2097]   INFO -     #com.intellij.util.ui.JBUI - System scale factor: 1.0 (IDE-managed HiDPI) 
2024-03-26 17:23:57,298 [   2144]   INFO -     #com.intellij.util.ui.JBUI - User scale factor: 1.0 
2024-03-26 17:24:06,546 [  11392]   INFO - .intellij.idea.IdeaApplication - CPU cores: 2; ForkJoinPool.commonPool: java.util.concurrent.ForkJoinPool@177df073[Running, parallelism = 2, size = 0, active = 0, running = 0, steals = 0, tasks = 0, submissions = 0]; factory: com.intellij.concurrency.IdeaForkJoinWorkerThreadFactory@5e752d13 
2024-03-26 17:24:15,687 [  20533]   INFO - llij.ide.plugins.PluginManager - 19 plugins initialized in 5869 ms 
2024-03-26 17:24:15,687 [  20533]   INFO - llij.ide.plugins.PluginManager - Loaded bundled plugins: CVS Integration (11), EditorConfig (182.5262.4), Git Integration (8.1), GitHub (182.5262.4), IDEA CORE (182.5262.4), IPython Notebook (0.1), IntelliLang (8.0), Markdown support (182.5262.4), Mercurial Integration (10.0), Properties Support (182.5262.4), Python IntelliLang (VERSION), Python ReStructureText Integration (1.0), Python Terminal (VERSION), ReStructuredText Support (182.5262.4), Settings Repository (182.5262.4), Subversion Integration (1.1), Task Management (1.0), Terminal (0.1), YAML (182.5262.4) 
2024-03-26 17:24:32,096 [  36942]   INFO - ellij.util.io.PagedFileStorage - lower=100; upper=500; buffer=10; max=713 
2024-03-26 17:24:32,377 [  37223]   INFO - pl.local.NativeFileWatcherImpl - Starting file watcher: C:\Program Files\JetBrains\PyCharm Community Edition 2018.2.8\bin\fsnotifier64.exe 
2024-03-26 17:24:32,502 [  37348]   INFO - pl.local.NativeFileWatcherImpl - Native file watcher is operational. 
2024-03-26 17:24:33,994 [  38840]   INFO - tellij.openapi.util.IconLoader - replace '/nodes/newFolder.png' with 'AllIcons.Nodes.Folder' 
2024-03-26 17:24:39,691 [  44537]   INFO - til.net.ssl.CertificateManager - Default SSL context initialized 
2024-03-26 17:24:40,331 [  45177]   INFO - rains.ide.BuiltInServerManager - built-in server started, port 63342 
2024-03-26 17:24:40,939 [  45785]   INFO - j.ide.ui.OptionsTopHitProvider - 3073 ms spent to cache options in application 
2024-03-26 17:24:40,939 [  45785]   INFO - .openapi.application.Preloader - com.intellij.ide.ui.OptionsTopHitProvider$Activity took 3077 ms 
2024-03-26 17:24:41,414 [  46260]   INFO - gs.impl.UpdateCheckerComponent - channel: release 
2024-03-26 17:24:43,285 [  48131]   INFO - il.indexing.FileBasedIndexImpl - Index exts enumerated:773, number of extensions:20 
2024-03-26 17:24:43,285 [  48131]   INFO - il.indexing.FileBasedIndexImpl - Index scheduled:10 
2024-03-26 17:24:43,800 [  48646]   INFO - tellij.psi.stubs.StubIndexImpl - All stub exts enumerated:303, number of extensions:11 
2024-03-26 17:24:43,816 [  48662]   INFO - tellij.psi.stubs.StubIndexImpl - stub exts update scheduled:7 
2024-03-26 17:24:46,547 [  51393]   INFO -            PyTestLegacyInterop - Disabling com.jetbrains.python.testing.unittestLegacy.PythonUnitTestConfigurationProducer@2737cf53 
2024-03-26 17:24:46,547 [  51393]   INFO -            PyTestLegacyInterop - Disabling com.jetbrains.python.testing.pytestLegacy.PyTestConfigurationProducer@2217a076 
2024-03-26 17:24:46,547 [  51393]   INFO -            PyTestLegacyInterop - Disabling com.jetbrains.python.testing.nosetestLegacy.PythonNoseTestConfigurationProducer@36dfa264 
2024-03-26 17:24:46,563 [  51409]   INFO - pi.util.registry.RegistryValue - Registry value 'ide.ssh.one.time.password' has changed to 'true" 
2024-03-26 17:24:46,563 [  51409]   INFO - plication.impl.ApplicationImpl - 76 application components initialized in 36839ms 
2024-03-26 17:24:46,797 [  51643]   INFO - .intellij.idea.IdeaApplication - App initialization took 86076 ms 
2024-03-26 17:24:57,593 [  62439]   INFO - ndex.PrebuiltIndexProviderBase - Using prebuilt id-index from C:\Users\Lohana\.PyCharmCE2018.2\system\index\.persistent\prebuilt\Python\id-index.input 
2024-03-26 17:25:09,413 [  74259]   INFO - pl$FileIndexDataInitialization - Initialization done:26124 
2024-03-26 17:25:10,037 [  74883]   INFO - exImpl$StubIndexInitialization - Initialization done:615 
2024-03-26 17:25:11,004 [  75850]   INFO - m.intellij.ui.mac.touchbar.NST - OS doesn't support touchbar, skip nst loading 
2024-03-26 17:25:15,341 [  80187]   INFO - com.intellij.ide.ui.UISettings - Loaded: fontSize=12, fontScale=1.0; restored: fontSize=12, fontScale=1.0 
2024-03-26 17:25:19,421 [  84267]   INFO - j.ide.ui.OptionsTopHitProvider - 6994 ms spent on EDT to cache options in application 
2024-03-26 17:25:29,127 [  93973]   INFO - ellij.project.impl.ProjectImpl - 15 project components initialized in 5088 ms 
2024-03-26 17:25:32,551 [  97397]   WARN - til.ui.update.LazyUiDisposable - use application as a parent disposable 
2024-03-26 17:25:34,579 [  99425]   INFO - .openapi.application.Preloader - com.intellij.openapi.actionSystem.impl.ActionPreloader took 53628 ms 
2024-03-26 17:25:35,407 [ 100253]   INFO - .openapi.application.Preloader - com.intellij.ide.ui.search.SearchableOptionPreloader took 833 ms 
2024-03-26 17:25:36,579 [ 101425]   INFO - .openapi.application.Preloader - com.intellij.codeInsight.completion.CompletionPreloader took 1166 ms 
2024-03-26 17:25:36,594 [ 101440]   INFO - .openapi.application.Preloader - com.intellij.ide.actions.GotoClassPresentationUpdater took 21 ms 
2024-03-26 17:25:51,767 [ 116613]   INFO - stubs.SerializationManagerImpl - START StubSerializationManager SHUTDOWN 
2024-03-26 17:25:51,769 [ 116615]   INFO - stubs.SerializationManagerImpl - END StubSerializationManager SHUTDOWN 
2024-03-26 17:25:51,770 [ 116616]   INFO - il.indexing.FileBasedIndexImpl - START INDEX SHUTDOWN 
2024-03-26 17:25:51,840 [ 116686]   INFO - il.indexing.FileBasedIndexImpl - END INDEX SHUTDOWN 
2024-03-26 17:25:51,855 [ 116701]   INFO - org.jetbrains.io.BuiltInServer - web server stopped 
2024-03-26 17:25:51,865 [ 116711]   INFO - Types.impl.FileTypeManagerImpl - FileTypeManager: 0 auto-detected files
Elapsed time on auto-detect: 0 ms 
2024-03-26 17:25:51,980 [ 116826]   INFO - pl.local.NativeFileWatcherImpl - Watcher terminated with exit code 0 
2024-03-26 17:25:51,988 [ 116834]   INFO - newvfs.persistent.PersistentFS - VFS dispose started 
2024-03-26 17:25:51,992 [ 116838]   INFO - newvfs.persistent.PersistentFS - VFS dispose completed 
2024-03-26 17:25:52,000 [ 116846]   INFO -        #com.intellij.idea.Main - ------------------------------------------------------ IDE SHUTDOWN ------------------------------------------------------ 
2024-03-26 17:25:52,008 [ 116854]   INFO - org.jetbrains.io.BuiltInServer - web server stopped 
